2025-12-04 14:23:27.475 -05:00 [FTL] Application terminated unexpectedly
Microsoft.Extensions.Hosting.HostAbortedException: The host was aborted.
   at Microsoft.Extensions.Hosting.HostFactoryResolver.HostingListener.ThrowHostAborted()
   at Microsoft.Extensions.Hosting.HostFactoryResolver.HostingListener.OnNext(KeyValuePair`2 value)
   at System.Diagnostics.DiagnosticListener.Write(String name, Object value)
   at System.Diagnostics.DiagnosticSource.Write[T](String name, T value)
   at Microsoft.Extensions.Hosting.HostBuilder.ResolveHost(IServiceProvider serviceProvider, DiagnosticListener diagnosticListener)
   at Microsoft.Extensions.Hosting.HostApplicationBuilder.Build()
   at Microsoft.AspNetCore.Builder.WebApplicationBuilder.Build()
   at Program.<Main>$(String[] args) in /mnt/c/Users/Corey/Documents/sites/tcghit/backend/TCGHit.Api/Program.cs:line 58
2025-12-04 14:57:52.239 -05:00 [INF] Now listening on: http://localhost:5294
2025-12-04 14:57:52.312 -05:00 [INF] Application started. Press Ctrl+C to shut down.
2025-12-04 14:57:52.315 -05:00 [INF] Hosting environment: Development
2025-12-04 14:57:52.317 -05:00 [INF] Content root path: C:\Users\Corey\Documents\sites\tcghit\backend\TCGHit.Api
2025-12-04 14:57:52.662 -05:00 [INF] Request starting HTTP/1.1 GET http://localhost:5294/swagger - null null
2025-12-04 14:57:52.746 -05:00 [INF] HTTP GET /swagger responded 301 in 32.4961 ms
2025-12-04 14:57:52.758 -05:00 [INF] Request finished HTTP/1.1 GET http://localhost:5294/swagger - 301 0 null 96.9124ms
2025-12-04 14:57:52.767 -05:00 [INF] Request starting HTTP/1.1 GET http://localhost:5294/swagger/index.html - null null
2025-12-04 14:57:52.968 -05:00 [INF] HTTP GET /swagger/index.html responded 200 in 194.9868 ms
2025-12-04 14:57:52.973 -05:00 [INF] Request finished HTTP/1.1 GET http://localhost:5294/swagger/index.html - 200 null text/html;charset=utf-8 207.2673ms
2025-12-04 14:57:53.064 -05:00 [INF] Request starting HTTP/1.1 GET http://localhost:5294/swagger/swagger-ui.css - null null
2025-12-04 14:57:53.064 -05:00 [INF] Request starting HTTP/1.1 GET http://localhost:5294/swagger/swagger-ui-bundle.js - null null
2025-12-04 14:57:53.072 -05:00 [INF] Request starting HTTP/1.1 GET http://localhost:5294/swagger/swagger-ui-standalone-preset.js - null null
2025-12-04 14:57:53.142 -05:00 [INF] Sending file. Request path: '/swagger-ui.css'. Physical path: 'N/A'
2025-12-04 14:57:53.143 -05:00 [INF] Sending file. Request path: '/swagger-ui-standalone-preset.js'. Physical path: 'N/A'
2025-12-04 14:57:53.149 -05:00 [INF] HTTP GET /swagger/swagger-ui.css responded 200 in 71.7918 ms
2025-12-04 14:57:53.152 -05:00 [INF] HTTP GET /swagger/swagger-ui-standalone-preset.js responded 200 in 59.7818 ms
2025-12-04 14:57:53.155 -05:00 [INF] Sending file. Request path: '/swagger-ui-bundle.js'. Physical path: 'N/A'
2025-12-04 14:57:53.158 -05:00 [INF] Request finished HTTP/1.1 GET http://localhost:5294/swagger/swagger-ui.css - 200 152034 text/css 94.6317ms
2025-12-04 14:57:53.159 -05:00 [INF] Request finished HTTP/1.1 GET http://localhost:5294/swagger/swagger-ui-standalone-preset.js - 200 230280 text/javascript 87.1499ms
2025-12-04 14:57:53.163 -05:00 [INF] HTTP GET /swagger/swagger-ui-bundle.js responded 200 in 76.7729 ms
2025-12-04 14:57:53.182 -05:00 [INF] Request finished HTTP/1.1 GET http://localhost:5294/swagger/swagger-ui-bundle.js - 200 1456926 text/javascript 117.7922ms
2025-12-04 14:57:53.274 -05:00 [INF] Request starting HTTP/1.1 GET http://localhost:5294/swagger/favicon-32x32.png - null null
2025-12-04 14:57:53.279 -05:00 [INF] Sending file. Request path: '/favicon-32x32.png'. Physical path: 'N/A'
2025-12-04 14:57:53.282 -05:00 [INF] HTTP GET /swagger/favicon-32x32.png responded 200 in 3.1424 ms
2025-12-04 14:57:53.286 -05:00 [INF] Request finished HTTP/1.1 GET http://localhost:5294/swagger/favicon-32x32.png - 200 628 image/png 11.6452ms
2025-12-04 14:57:53.304 -05:00 [INF] Request starting HTTP/1.1 GET http://localhost:5294/swagger/v1/swagger.json - null null
2025-12-04 14:57:53.503 -05:00 [INF] HTTP GET /swagger/v1/swagger.json responded 200 in 193.2696 ms
2025-12-04 14:57:53.528 -05:00 [INF] Request finished HTTP/1.1 GET http://localhost:5294/swagger/v1/swagger.json - 200 null application/json;charset=utf-8 224.3463ms
